<?xml version="1.0" encoding="UTF-8"?>
<!-- Generated by org.testng.reporters.JUnitReportReporter -->
<testsuite hostname="LAPTOP-GF3M6KRA" failures="0" tests="3" name="com.Demo.Maven.Demo2Test" time="0.004" errors="0" timestamp="2022-07-20T16:41:40 IST" skipped="0">
  <testcase classname="com.Demo.Maven.Demo2Test" name="testScript2" time="0.001"/>
  <system-out>
    <![CDATA[Suraj]]>
  </system-out>
  <testcase classname="com.Demo.Maven.Demo2Test" name="testScript1" time="0.002"/>
  <system-out>
    <![CDATA[hiii]]>
  </system-out>
  <testcase classname="com.Demo.Maven.Demo2Test" name="testScript3" time="0.001"/>
  <system-out>
    <![CDATA[Satya]]>
  </system-out>
</testsuite> <!-- com.Demo.Maven.Demo2Test -->
