<?xml version="1.0" encoding="UTF-8"?>
<!-- Generated by org.testng.reporters.JUnitReportReporter -->
<testsuite hostname="LAPTOP-GF3M6KRA" failures="0" tests="3" name="com.Demo.Maven.Demo1Test" time="0.022" errors="0" timestamp="2022-07-20T16:41:40 IST" skipped="0">
  <testcase classname="com.Demo.Maven.Demo1Test" name="testCase1" time="0.016"/>
  <system-out>
    <![CDATA[Hello]]>
  </system-out>
  <testcase classname="com.Demo.Maven.Demo1Test" name="testCase3" time="0.003"/>
  <system-out>
    <![CDATA[Lall]]>
  </system-out>
  <testcase classname="com.Demo.Maven.Demo1Test" name="testCase2" time="0.003"/>
  <system-out>
    <![CDATA[Mohan]]>
  </system-out>
</testsuite> <!-- com.Demo.Maven.Demo1Test -->
