<?xml version="1.0" encoding="UTF-8"?>
<!-- Generated by org.testng.reporters.JUnitReportReporter -->
<testsuite hostname="LAPTOP-GF3M6KRA" failures="0" tests="4" name="com.Demo.Maven.Demo3Test" time="0.006" errors="0" timestamp="2022-07-20T15:04:28 IST" skipped="0">
  <testcase classname="com.Demo.Maven.Demo3Test" name="testAnnotation1" time="0.002"/>
  <system-out>
    <![CDATA[morning]]>
  </system-out>
  <testcase classname="com.Demo.Maven.Demo3Test" name="testAnnotation4" time="0.001"/>
  <system-out>
    <![CDATA[morning]]>
  </system-out>
  <testcase classname="com.Demo.Maven.Demo3Test" name="testAnnotation" time="0.002"/>
  <system-out>
    <![CDATA[Good]]>
  </system-out>
  <testcase classname="com.Demo.Maven.Demo3Test" name="testAnnotation3" time="0.001"/>
  <system-out>
    <![CDATA[morning]]>
  </system-out>
</testsuite> <!-- com.Demo.Maven.Demo3Test -->
